<?xml version="1.0" encoding="UTF-8"?>
<testsuite name="com.example.csv.CsvApplicationTests" tests="1" skipped="0" failures="0" errors="0" timestamp="2024-05-23T10:37:49" hostname="Admins-MacBook-Pro.local" time="0.543">
  <properties/>
  <testcase name="contextLoads()" classname="com.example.csv.CsvApplicationTests" time="0.543"/>
  <system-out><![CDATA[Standard Commons Logging discovery in action with spring-jcl: please remove commons-logging.jar from classpath in order to avoid potential conflicts
16:07:46.449 [Test worker] INFO org.springframework.test.context.support.AnnotationConfigContextLoaderUtils -- Could not detect default configuration classes for test class [com.example.csv.CsvApplicationTests]: CsvApplicationTests does not declare any static, non-private, non-final, nested classes annotated with @Configuration.
16:07:46.529 [Test worker] INFO org.springframework.boot.test.context.SpringBootTestContextBootstrapper -- Found @SpringBootConfiguration com.example.csv.CsvApplication for test class com.example.csv.CsvApplicationTests

  .   ____          _            __ _ _
 /\\ / ___'_ __ _ _(_)_ __  __ _ \ \ \ \
( ( )\___ | '_ | '_| | '_ \/ _` | \ \ \ \
 \\/  ___)| |_)| | | | | || (_| |  ) ) ) )
  '  |____| .__|_| |_|_| |_\__, | / / / /
 =========|_|==============|___/=/_/_/_/
 :: Spring Boot ::                (v3.2.5)

2024-05-23T16:07:46.845+05:30  INFO 20431 --- [csv] [    Test worker] com.example.csv.CsvApplicationTests      : Starting CsvApplicationTests using Java 21.0.2 with PID 20431 (started by mgs in /Users/mgs/Downloads/csvdatauplod)
2024-05-23T16:07:46.846+05:30  INFO 20431 --- [csv] [    Test worker] com.example.csv.CsvApplicationTests      : No active profile set, falling back to 1 default profile: "default"
2024-05-23T16:07:47.422+05:30  INFO 20431 --- [csv] [    Test worker] .s.d.r.c.RepositoryConfigurationDelegate : Bootstrapping Spring Data JPA repositories in DEFAULT mode.
2024-05-23T16:07:47.461+05:30  INFO 20431 --- [csv] [    Test worker] .s.d.r.c.RepositoryConfigurationDelegate : Finished Spring Data repository scanning in 32 ms. Found 1 JPA repository interface.
2024-05-23T16:07:47.774+05:30  INFO 20431 --- [csv] [    Test worker] o.hibernate.jpa.internal.util.LogHelper  : HHH000204: Processing PersistenceUnitInfo [name: default]
2024-05-23T16:07:47.809+05:30  INFO 20431 --- [csv] [    Test worker] org.hibernate.Version                    : HHH000412: Hibernate ORM core version 6.4.4.Final
2024-05-23T16:07:47.828+05:30  INFO 20431 --- [csv] [    Test worker] o.h.c.internal.RegionFactoryInitiator    : HHH000026: Second-level cache disabled
2024-05-23T16:07:47.981+05:30  INFO 20431 --- [csv] [    Test worker] o.s.o.j.p.SpringPersistenceUnitInfo      : No LoadTimeWeaver setup: ignoring JPA class transformer
2024-05-23T16:07:48.008+05:30  INFO 20431 --- [csv] [    Test worker] com.zaxxer.hikari.HikariDataSource       : HikariPool-1 - Starting...
2024-05-23T16:07:48.137+05:30  INFO 20431 --- [csv] [    Test worker] com.zaxxer.hikari.pool.HikariPool        : HikariPool-1 - Added connection com.mysql.cj.jdbc.ConnectionImpl@3095d401
2024-05-23T16:07:48.139+05:30  INFO 20431 --- [csv] [    Test worker] com.zaxxer.hikari.HikariDataSource       : HikariPool-1 - Start completed.
2024-05-23T16:07:48.176+05:30  WARN 20431 --- [csv] [    Test worker] org.hibernate.orm.deprecation            : HHH90000025: MySQL8Dialect does not need to be specified explicitly using 'hibernate.dialect' (remove the property setting and it will be selected by default)
2024-05-23T16:07:48.177+05:30  WARN 20431 --- [csv] [    Test worker] org.hibernate.orm.deprecation            : HHH90000026: MySQL8Dialect has been deprecated; use org.hibernate.dialect.MySQLDialect instead
2024-05-23T16:07:48.713+05:30  INFO 20431 --- [csv] [    Test worker] o.h.e.t.j.p.i.JtaPlatformInitiator       : HHH000489: No JTA platform available (set 'hibernate.transaction.jta.platform' to enable JTA platform integration)
2024-05-23T16:07:48.748+05:30  INFO 20431 --- [csv] [    Test worker] j.LocalContainerEntityManagerFactoryBean : Initialized JPA EntityManagerFactory for persistence unit 'default'
2024-05-23T16:07:49.043+05:30  WARN 20431 --- [csv] [    Test worker] JpaBaseConfiguration$JpaWebConfiguration : spring.jpa.open-in-view is enabled by default. Therefore, database queries may be performed during view rendering. Explicitly configure spring.jpa.open-in-view to disable this warning
2024-05-23T16:07:49.345+05:30  INFO 20431 --- [csv] [    Test worker] com.example.csv.CsvApplicationTests      : Started CsvApplicationTests in 2.696 seconds (process running for 3.612)
]]></system-out>
  <system-err><![CDATA[WARNING: A Java agent has been loaded dynamically (/Users/mgs/.gradle/caches/modules-2/files-2.1/net.bytebuddy/byte-buddy-agent/1.14.13/979ce25f7d3096a2e82214ba7dc972a05ce7a171/byte-buddy-agent-1.14.13.jar)
WARNING: If a serviceability tool is in use, please run with -XX:+EnableDynamicAgentLoading to hide this warning
WARNING: If a serviceability tool is not in use, please run with -Djdk.instrument.traceUsage for more information
WARNING: Dynamic loading of agents will be disallowed by default in a future release
]]></system-err>
</testsuite>
